Using pre-set license
Built from '2020.2/china_unity/release' branch; Version is '2020.2.1f1c1 (252d8215dd99) revision 2436482'; Using compiler version '192528614'; Build Type 'Release'
OS: 'Windows 10  (10.0.0) 64bit' Language: 'zh' Physical Memory: 16240 MB
BatchMode: 1, IsHumanControllingUs: 0, StartBugReporterOnCrash: 0, Is64bit: 1, IsPro: 0

 COMMAND LINE ARGUMENTS:
F:\unity\Editor\Unity.exe
-adb2
-batchMode
-noUpm
-name
AssetImportWorker0
-projectPath
E:/sunset/Project_Sunset
-logFile
Logs/AssetImportWorker0.log
-srvPort
52282
Successfully changed project path to: E:/sunset/Project_Sunset
E:/sunset/Project_Sunset
Using Asset Import Pipeline V2.
Refreshing native plugins compatible for Editor in 28.50 ms, found 0 plugins.
Preloading 0 native plugins for Editor in 0.00 ms.
Initialize engine version: 2020.2.1f1c1 (252d8215dd99)
[Subsystems] Discovering subsystems at path F:/unity/Editor/Data/Resources/UnitySubsystems
[Subsystems] Discovering subsystems at path E:/sunset/Project_Sunset/Assets
GfxDevice: creating device client; threaded=0
Direct3D:
    Version:  Direct3D 11.0 [level 11.1]
    Renderer: NVIDIA GeForce GTX 1060 (ID=0x1c20)
    Vendor:   
    VRAM:     6052 MB
    Driver:   27.21.14.5167
Initialize mono
Mono path[0] = 'F:/unity/Editor/Data/Managed'
Mono path[1] = 'F:/unity/Editor/Data/MonoBleedingEdge/lib/mono/unityjit'
Mono config path = 'F:/unity/Editor/Data/MonoBleedingEdge/etc'
Using monoOptions --debugger-agent=transport=dt_socket,embedding=1,server=y,suspend=n,address=127.0.0.1:56360
Begin MonoManager ReloadAssembly
Registering precompiled unity dll's ...
Register platform support module: F:/unity/Editor/Data/PlaybackEngines/WindowsStandaloneSupport/UnityEditor.WindowsStandalone.Extensions.dll
Registered in 0.000714 seconds.
Native extension for WindowsStandalone target not found
Refreshing native plugins compatible for Editor in 23.80 ms, found 0 plugins.
Preloading 0 native plugins for Editor in 0.00 ms.
Invoked RoslynAnalysisRunner static constructor.
RoslynAnalysisRunner will not be running.
RoslynAnalysisRunner has terminated.
Mono: successfully reloaded assembly
- Completed reload, in  0.725 seconds
Platform modules already initialized, skipping
Registering precompiled user dll's ...
Registered in 0.000825 seconds.
Begin MonoManager ReloadAssembly
Native extension for WindowsStandalone target not found
Refreshing native plugins compatible for Editor in 0.20 ms, found 0 plugins.
Preloading 0 native plugins for Editor in 0.00 ms.
Invoked RoslynAnalysisRunner static constructor.
RoslynAnalysisRunner will not be running.
RoslynAnalysisRunner has terminated.
Mono: successfully reloaded assembly
- Completed reload, in  0.744 seconds
Platform modules already initialized, skipping
========================================================================
Worker process is ready to serve import requests
Launched and connected shader compiler UnityShaderCompiler.exe after 0.04 seconds
Refreshing native plugins compatible for Editor in 0.20 ms, found 0 plugins.
Preloading 0 native plugins for Editor in 0.00 ms.
Unloading 1101 Unused Serialized files (Serialized files now loaded: 0)
System memory in use before: 75.9 MB.
System memory in use after: 76.0 MB.

Unloading 8 unused Assets to reduce memory usage. Loaded Objects now: 1564.
Total: 1.753400 ms (FindLiveObjects: 0.270900 ms CreateObjectMapping: 0.101500 ms MarkObjects: 1.357200 ms  DeleteObjects: 0.022100 ms)

========================================================================
Received Import Request.
  path: Assets/1版素材/特效/黑白闪光特效/1.png
  artifactKey: Guid(d4474ad64d1d53849937cb4a4912d233) Importer(815301076,1909f56bfc062723c751e8b465ee728b)
Start importing Assets/1版素材/特效/黑白闪光特效/1.png using Guid(d4474ad64d1d53849937cb4a4912d233) Importer(815301076,1909f56bfc062723c751e8b465ee728b)  -> (artifact id: 'e8276840e85f5937609bbfd690797835') in 0.168417 seconds
  Import took 0.170152 seconds .

========================================================================
Received Import Request.
  Time since last request: 0.000418 seconds.
  path: Assets/1版素材/特效/黑白闪光特效/2.png
  artifactKey: Guid(6d26c9c36bd5e3344aecef3da9c1bfb3) Importer(815301076,1909f56bfc062723c751e8b465ee728b)
Start importing Assets/1版素材/特效/黑白闪光特效/2.png using Guid(6d26c9c36bd5e3344aecef3da9c1bfb3) Importer(815301076,1909f56bfc062723c751e8b465ee728b)  -> (artifact id: 'f5968d95557baac13f1bb54f5b880f54') in 0.018553 seconds
  Import took 0.021128 seconds .

========================================================================
Received Import Request.
  Time since last request: 0.000297 seconds.
  path: Assets/1版素材/特效
  artifactKey: Guid(0517f6e52cd8d0f4c9363a6b939b6b8c) Importer(815301076,1909f56bfc062723c751e8b465ee728b)
Start importing Assets/1版素材/特效 using Guid(0517f6e52cd8d0f4c9363a6b939b6b8c) Importer(815301076,1909f56bfc062723c751e8b465ee728b)  -> (artifact id: '50244d2b71dcdbd65c580d240e3e0e24') in 0.005875 seconds
  Import took 0.008060 seconds .

========================================================================
Received Import Request.
  Time since last request: 0.000224 seconds.
  path: Assets/1版素材/特效/黑白闪光特效/2.png
  artifactKey: Guid(6d26c9c36bd5e3344aecef3da9c1bfb3) Importer(815301076,1909f56bfc062723c751e8b465ee728b)
Start importing Assets/1版素材/特效/黑白闪光特效/2.png using Guid(6d26c9c36bd5e3344aecef3da9c1bfb3) Importer(815301076,1909f56bfc062723c751e8b465ee728b)  -> (artifact id: 'f5968d95557baac13f1bb54f5b880f54') in 0.016404 seconds
  Import took 0.018799 seconds .

========================================================================
Received Import Request.
  Time since last request: 0.000305 seconds.
  path: Assets/1版素材/特效/黑白闪光特效
  artifactKey: Guid(3a229c53a19b920409b6bf0ca80a753d) Importer(815301076,1909f56bfc062723c751e8b465ee728b)
Start importing Assets/1版素材/特效/黑白闪光特效 using Guid(3a229c53a19b920409b6bf0ca80a753d) Importer(815301076,1909f56bfc062723c751e8b465ee728b)  -> (artifact id: 'a16dc9580f5e5127e87c9a2b5228c469') in 0.007266 seconds
  Import took 0.009843 seconds .

========================================================================
Received Import Request.
  Time since last request: 0.000221 seconds.
  path: Assets/1版素材/特效/黑白闪光特效/3.png
  artifactKey: Guid(d19640484f771134da3b493d6fb275f9) Importer(815301076,1909f56bfc062723c751e8b465ee728b)
Start importing Assets/1版素材/特效/黑白闪光特效/3.png using Guid(d19640484f771134da3b493d6fb275f9) Importer(815301076,1909f56bfc062723c751e8b465ee728b)  -> (artifact id: 'e3e5bac490d9b8752c549da00f42d02a') in 0.019503 seconds
  Import took 0.021866 seconds .

========================================================================
Received Import Request.
  Time since last request: 0.000286 seconds.
  path: Assets/1版素材/特效/黑白闪光特效/4.png
  artifactKey: Guid(5def1c3ad4ca1cc47b015caa32be5766) Importer(815301076,1909f56bfc062723c751e8b465ee728b)
Start importing Assets/1版素材/特效/黑白闪光特效/4.png using Guid(5def1c3ad4ca1cc47b015caa32be5766) Importer(815301076,1909f56bfc062723c751e8b465ee728b)  -> (artifact id: '289b11f92f4e0844d1a9c430dfea99d0') in 0.019901 seconds
  Import took 0.022199 seconds .

========================================================================
Received Import Request.
  Time since last request: 0.001187 seconds.
  path: Assets/1版素材/特效/黑白闪光特效/4.png
  artifactKey: Guid(5def1c3ad4ca1cc47b015caa32be5766) Importer(815301076,1909f56bfc062723c751e8b465ee728b)
Start importing Assets/1版素材/特效/黑白闪光特效/4.png using Guid(5def1c3ad4ca1cc47b015caa32be5766) Importer(815301076,1909f56bfc062723c751e8b465ee728b)  -> (artifact id: '289b11f92f4e0844d1a9c430dfea99d0') in 0.008252 seconds
  Import took 0.010267 seconds .

========================================================================
Received Import Request.
  Time since last request: 35.223306 seconds.
  path: Assets/1版素材/特效/粒子
  artifactKey: Guid(42de69390b7a19e4a8edf311d70291d6) Importer(815301076,1909f56bfc062723c751e8b465ee728b)
Start importing Assets/1版素材/特效/粒子 using Guid(42de69390b7a19e4a8edf311d70291d6) Importer(815301076,1909f56bfc062723c751e8b465ee728b)  -> (artifact id: '379f93745b66fc88223853f2c558a240') in 0.008450 seconds
  Import took 0.010866 seconds .

========================================================================
Received Prepare
Registering precompiled user dll's ...
Registered in 0.000591 seconds.
Begin MonoManager ReloadAssembly
Native extension for WindowsStandalone target not found
Refreshing native plugins compatible for Editor in 0.27 ms, found 0 plugins.
Preloading 0 native plugins for Editor in 0.00 ms.
Invoked RoslynAnalysisRunner static constructor.
RoslynAnalysisRunner will not be running.
RoslynAnalysisRunner has terminated.
Mono: successfully reloaded assembly
- Completed reload, in  0.705 seconds
Platform modules already initialized, skipping
Refreshing native plugins compatible for Editor in 0.20 ms, found 0 plugins.
Preloading 0 native plugins for Editor in 0.00 ms.
Unloading 1092 Unused Serialized files (Serialized files now loaded: 0)
System memory in use before: 78.9 MB.
System memory in use after: 79.0 MB.

Unloading 4 unused Assets to reduce memory usage. Loaded Objects now: 1572.
Total: 1.460800 ms (FindLiveObjects: 0.134000 ms CreateObjectMapping: 0.032600 ms MarkObjects: 1.279000 ms  DeleteObjects: 0.014000 ms)

========================================================================
Received Prepare
Registering precompiled user dll's ...
Registered in 0.000672 seconds.
Begin MonoManager ReloadAssembly
Native extension for WindowsStandalone target not found
Refreshing native plugins compatible for Editor in 0.20 ms, found 0 plugins.
Preloading 0 native plugins for Editor in 0.00 ms.
Invoked RoslynAnalysisRunner static constructor.
RoslynAnalysisRunner will not be running.
RoslynAnalysisRunner has terminated.
Mono: successfully reloaded assembly
- Completed reload, in  0.737 seconds
Platform modules already initialized, skipping
Refreshing native plugins compatible for Editor in 0.20 ms, found 0 plugins.
Preloading 0 native plugins for Editor in 0.00 ms.
Unloading 1092 Unused Serialized files (Serialized files now loaded: 0)
System memory in use before: 79.2 MB.
System memory in use after: 79.3 MB.

Unloading 4 unused Assets to reduce memory usage. Loaded Objects now: 1574.
Total: 1.693400 ms (FindLiveObjects: 0.177300 ms CreateObjectMapping: 0.034800 ms MarkObjects: 1.464700 ms  DeleteObjects: 0.015400 ms)

========================================================================
Received Prepare
Registering precompiled user dll's ...
Registered in 0.000609 seconds.
Begin MonoManager ReloadAssembly
Native extension for WindowsStandalone target not found
Refreshing native plugins compatible for Editor in 0.20 ms, found 0 plugins.
Preloading 0 native plugins for Editor in 0.00 ms.
Invoked RoslynAnalysisRunner static constructor.
RoslynAnalysisRunner will not be running.
RoslynAnalysisRunner has terminated.
Mono: successfully reloaded assembly
- Completed reload, in  0.715 seconds
Platform modules already initialized, skipping
Refreshing native plugins compatible for Editor in 0.21 ms, found 0 plugins.
Preloading 0 native plugins for Editor in 0.00 ms.
Unloading 1092 Unused Serialized files (Serialized files now loaded: 0)
System memory in use before: 79.4 MB.
System memory in use after: 79.5 MB.

Unloading 4 unused Assets to reduce memory usage. Loaded Objects now: 1576.
Total: 2.453400 ms (FindLiveObjects: 0.269100 ms CreateObjectMapping: 0.057300 ms MarkObjects: 2.108200 ms  DeleteObjects: 0.017200 ms)

========================================================================
Received Prepare
Registering precompiled user dll's ...
Registered in 0.000612 seconds.
Begin MonoManager ReloadAssembly
Native extension for WindowsStandalone target not found
Refreshing native plugins compatible for Editor in 0.20 ms, found 0 plugins.
Preloading 0 native plugins for Editor in 0.00 ms.
Invoked RoslynAnalysisRunner static constructor.
RoslynAnalysisRunner will not be running.
RoslynAnalysisRunner has terminated.
Mono: successfully reloaded assembly
- Completed reload, in  0.711 seconds
Platform modules already initialized, skipping
Refreshing native plugins compatible for Editor in 0.22 ms, found 0 plugins.
Preloading 0 native plugins for Editor in 0.00 ms.
Unloading 1092 Unused Serialized files (Serialized files now loaded: 0)
System memory in use before: 79.4 MB.
System memory in use after: 79.5 MB.

Unloading 4 unused Assets to reduce memory usage. Loaded Objects now: 1578.
Total: 2.361500 ms (FindLiveObjects: 0.168200 ms CreateObjectMapping: 0.054300 ms MarkObjects: 2.117100 ms  DeleteObjects: 0.019700 ms)

========================================================================
Received Import Request.
  Time since last request: 468.708331 seconds.
  path: Assets/prefabs
  artifactKey: Guid(e59733dac4658a94e9ba4ae2e7fecdfd) Importer(815301076,1909f56bfc062723c751e8b465ee728b)
Start importing Assets/prefabs using Guid(e59733dac4658a94e9ba4ae2e7fecdfd) Importer(815301076,1909f56bfc062723c751e8b465ee728b)  -> (artifact id: 'fb181347f5bc747cbe84b57a0224fd99') in 0.007823 seconds
  Import took 0.009622 seconds .

========================================================================
Received Prepare
Registering precompiled user dll's ...
Registered in 0.000678 seconds.
Begin MonoManager ReloadAssembly
Native extension for WindowsStandalone target not found
Refreshing native plugins compatible for Editor in 0.20 ms, found 0 plugins.
Preloading 0 native plugins for Editor in 0.00 ms.
Invoked RoslynAnalysisRunner static constructor.
RoslynAnalysisRunner will not be running.
RoslynAnalysisRunner has terminated.
Mono: successfully reloaded assembly
- Completed reload, in  0.659 seconds
Platform modules already initialized, skipping
Refreshing native plugins compatible for Editor in 0.22 ms, found 0 plugins.
Preloading 0 native plugins for Editor in 0.00 ms.
Unloading 1092 Unused Serialized files (Serialized files now loaded: 0)
System memory in use before: 79.9 MB.
System memory in use after: 80.0 MB.

Unloading 4 unused Assets to reduce memory usage. Loaded Objects now: 1580.
Total: 2.685500 ms (FindLiveObjects: 0.158100 ms CreateObjectMapping: 0.034700 ms MarkObjects: 2.476600 ms  DeleteObjects: 0.014800 ms)

========================================================================
Received Prepare
Registering precompiled user dll's ...
Registered in 0.000662 seconds.
Begin MonoManager ReloadAssembly
Native extension for WindowsStandalone target not found
Refreshing native plugins compatible for Editor in 0.20 ms, found 0 plugins.
Preloading 0 native plugins for Editor in 0.00 ms.
Invoked RoslynAnalysisRunner static constructor.
RoslynAnalysisRunner will not be running.
RoslynAnalysisRunner has terminated.
Mono: successfully reloaded assembly
- Completed reload, in  0.792 seconds
Platform modules already initialized, skipping
Refreshing native plugins compatible for Editor in 0.27 ms, found 0 plugins.
Preloading 0 native plugins for Editor in 0.00 ms.
Unloading 1092 Unused Serialized files (Serialized files now loaded: 0)
System memory in use before: 80.2 MB.
System memory in use after: 80.3 MB.

Unloading 4 unused Assets to reduce memory usage. Loaded Objects now: 1582.
Total: 1.627100 ms (FindLiveObjects: 0.122400 ms CreateObjectMapping: 0.036200 ms MarkObjects: 1.452800 ms  DeleteObjects: 0.014500 ms)

========================================================================
Received Prepare
Registering precompiled user dll's ...
Registered in 0.000629 seconds.
Begin MonoManager ReloadAssembly
Native extension for WindowsStandalone target not found
Refreshing native plugins compatible for Editor in 0.20 ms, found 0 plugins.
Preloading 0 native plugins for Editor in 0.00 ms.
Invoked RoslynAnalysisRunner static constructor.
RoslynAnalysisRunner will not be running.
RoslynAnalysisRunner has terminated.
Mono: successfully reloaded assembly
- Completed reload, in  0.732 seconds
Platform modules already initialized, skipping
Refreshing native plugins compatible for Editor in 0.20 ms, found 0 plugins.
Preloading 0 native plugins for Editor in 0.00 ms.
Unloading 1092 Unused Serialized files (Serialized files now loaded: 0)
System memory in use before: 80.4 MB.
System memory in use after: 80.5 MB.

Unloading 4 unused Assets to reduce memory usage. Loaded Objects now: 1584.
Total: 1.459200 ms (FindLiveObjects: 0.189000 ms CreateObjectMapping: 0.060700 ms MarkObjects: 1.195400 ms  DeleteObjects: 0.013100 ms)

========================================================================
Received Prepare
Registering precompiled user dll's ...
Registered in 0.000660 seconds.
Begin MonoManager ReloadAssembly
Native extension for WindowsStandalone target not found
Refreshing native plugins compatible for Editor in 0.20 ms, found 0 plugins.
Preloading 0 native plugins for Editor in 0.00 ms.
Invoked RoslynAnalysisRunner static constructor.
RoslynAnalysisRunner will not be running.
RoslynAnalysisRunner has terminated.
Mono: successfully reloaded assembly
- Completed reload, in  0.694 seconds
Platform modules already initialized, skipping
Refreshing native plugins compatible for Editor in 0.20 ms, found 0 plugins.
Preloading 0 native plugins for Editor in 0.00 ms.
Unloading 1092 Unused Serialized files (Serialized files now loaded: 0)
System memory in use before: 80.5 MB.
System memory in use after: 80.6 MB.

Unloading 4 unused Assets to reduce memory usage. Loaded Objects now: 1586.
Total: 1.636600 ms (FindLiveObjects: 0.129000 ms CreateObjectMapping: 0.037900 ms MarkObjects: 1.453800 ms  DeleteObjects: 0.014800 ms)

========================================================================
Received Prepare
Registering precompiled user dll's ...
Registered in 0.000592 seconds.
Begin MonoManager ReloadAssembly
Native extension for WindowsStandalone target not found
Refreshing native plugins compatible for Editor in 0.20 ms, found 0 plugins.
Preloading 0 native plugins for Editor in 0.00 ms.
Invoked RoslynAnalysisRunner static constructor.
RoslynAnalysisRunner will not be running.
RoslynAnalysisRunner has terminated.
Mono: successfully reloaded assembly
- Completed reload, in  0.707 seconds
Platform modules already initialized, skipping
Refreshing native plugins compatible for Editor in 0.22 ms, found 0 plugins.
Preloading 0 native plugins for Editor in 0.00 ms.
Unloading 1092 Unused Serialized files (Serialized files now loaded: 0)
System memory in use before: 79.9 MB.
System memory in use after: 80.0 MB.

Unloading 4 unused Assets to reduce memory usage. Loaded Objects now: 1588.
Total: 1.535700 ms (FindLiveObjects: 0.170900 ms CreateObjectMapping: 0.053500 ms MarkObjects: 1.296700 ms  DeleteObjects: 0.013700 ms)

========================================================================
Received Import Request.
  Time since last request: 307.637623 seconds.
  path: Assets/1版素材/特效/黑白闪光特效/New Animation.anim
  artifactKey: Guid(18e1b5fe3f0c0d64988c351a338701c9) Importer(815301076,1909f56bfc062723c751e8b465ee728b)
Start importing Assets/1版素材/特效/黑白闪光特效/New Animation.anim using Guid(18e1b5fe3f0c0d64988c351a338701c9) Importer(815301076,1909f56bfc062723c751e8b465ee728b)  -> (artifact id: '698a9cf582a9faa724ef42a42278a56f') in 0.019259 seconds
  Import took 0.021443 seconds .

========================================================================
Received Prepare
Registering precompiled user dll's ...
Registered in 0.000692 seconds.
Begin MonoManager ReloadAssembly
Native extension for WindowsStandalone target not found
Refreshing native plugins compatible for Editor in 0.20 ms, found 0 plugins.
Preloading 0 native plugins for Editor in 0.00 ms.
Invoked RoslynAnalysisRunner static constructor.
RoslynAnalysisRunner will not be running.
RoslynAnalysisRunner has terminated.
Mono: successfully reloaded assembly
- Completed reload, in  0.693 seconds
Platform modules already initialized, skipping
Refreshing native plugins compatible for Editor in 0.20 ms, found 0 plugins.
Preloading 0 native plugins for Editor in 0.00 ms.
Unloading 1092 Unused Serialized files (Serialized files now loaded: 0)
System memory in use before: 80.2 MB.
System memory in use after: 80.3 MB.

Unloading 4 unused Assets to reduce memory usage. Loaded Objects now: 1590.
Total: 1.815800 ms (FindLiveObjects: 0.128900 ms CreateObjectMapping: 0.036600 ms MarkObjects: 1.634100 ms  DeleteObjects: 0.015200 ms)

========================================================================
Received Prepare
Registering precompiled user dll's ...
Registered in 0.000910 seconds.
Begin MonoManager ReloadAssembly
Native extension for WindowsStandalone target not found
Refreshing native plugins compatible for Editor in 0.21 ms, found 0 plugins.
Preloading 0 native plugins for Editor in 0.00 ms.
Invoked RoslynAnalysisRunner static constructor.
RoslynAnalysisRunner will not be running.
RoslynAnalysisRunner has terminated.
Mono: successfully reloaded assembly
- Completed reload, in  0.794 seconds
Platform modules already initialized, skipping
Refreshing native plugins compatible for Editor in 0.25 ms, found 0 plugins.
Preloading 0 native plugins for Editor in 0.00 ms.
Unloading 1092 Unused Serialized files (Serialized files now loaded: 0)
System memory in use before: 80.4 MB.
System memory in use after: 80.5 MB.

Unloading 4 unused Assets to reduce memory usage. Loaded Objects now: 1592.
Total: 1.357900 ms (FindLiveObjects: 0.138200 ms CreateObjectMapping: 0.040400 ms MarkObjects: 1.166100 ms  DeleteObjects: 0.012000 ms)

========================================================================
Received Prepare
Registering precompiled user dll's ...
Registered in 0.000579 seconds.
Begin MonoManager ReloadAssembly
Native extension for WindowsStandalone target not found
Refreshing native plugins compatible for Editor in 0.20 ms, found 0 plugins.
Preloading 0 native plugins for Editor in 0.00 ms.
Invoked RoslynAnalysisRunner static constructor.
RoslynAnalysisRunner will not be running.
RoslynAnalysisRunner has terminated.
Mono: successfully reloaded assembly
- Completed reload, in  0.703 seconds
Platform modules already initialized, skipping
Refreshing native plugins compatible for Editor in 0.20 ms, found 0 plugins.
Preloading 0 native plugins for Editor in 0.00 ms.
Unloading 1092 Unused Serialized files (Serialized files now loaded: 0)
System memory in use before: 80.5 MB.
System memory in use after: 80.6 MB.

Unloading 4 unused Assets to reduce memory usage. Loaded Objects now: 1594.
Total: 2.149900 ms (FindLiveObjects: 0.195900 ms CreateObjectMapping: 0.057900 ms MarkObjects: 1.880000 ms  DeleteObjects: 0.015000 ms)

========================================================================
Received Prepare
Registering precompiled user dll's ...
Registered in 0.000677 seconds.
Begin MonoManager ReloadAssembly
Native extension for WindowsStandalone target not found
Refreshing native plugins compatible for Editor in 0.35 ms, found 0 plugins.
Preloading 0 native plugins for Editor in 0.00 ms.
Invoked RoslynAnalysisRunner static constructor.
RoslynAnalysisRunner will not be running.
RoslynAnalysisRunner has terminated.
Mono: successfully reloaded assembly
- Completed reload, in  0.713 seconds
Platform modules already initialized, skipping
Refreshing native plugins compatible for Editor in 0.20 ms, found 0 plugins.
Preloading 0 native plugins for Editor in 0.00 ms.
Unloading 1092 Unused Serialized files (Serialized files now loaded: 0)
System memory in use before: 79.9 MB.
System memory in use after: 80.0 MB.

Unloading 4 unused Assets to reduce memory usage. Loaded Objects now: 1596.
Total: 1.699300 ms (FindLiveObjects: 0.170200 ms CreateObjectMapping: 0.071400 ms MarkObjects: 1.427500 ms  DeleteObjects: 0.029300 ms)

========================================================================
Received Prepare
Registering precompiled user dll's ...
Registered in 0.000636 seconds.
Begin MonoManager ReloadAssembly
Native extension for WindowsStandalone target not found
Refreshing native plugins compatible for Editor in 0.20 ms, found 0 plugins.
Preloading 0 native plugins for Editor in 0.00 ms.
Invoked RoslynAnalysisRunner static constructor.
RoslynAnalysisRunner will not be running.
RoslynAnalysisRunner has terminated.
Mono: successfully reloaded assembly
- Completed reload, in  0.728 seconds
Platform modules already initialized, skipping
Refreshing native plugins compatible for Editor in 0.24 ms, found 0 plugins.
Preloading 0 native plugins for Editor in 0.00 ms.
Unloading 1092 Unused Serialized files (Serialized files now loaded: 0)
System memory in use before: 80.1 MB.
System memory in use after: 80.2 MB.

Unloading 4 unused Assets to reduce memory usage. Loaded Objects now: 1598.
Total: 1.781200 ms (FindLiveObjects: 0.183300 ms CreateObjectMapping: 0.091700 ms MarkObjects: 1.490900 ms  DeleteObjects: 0.014300 ms)

========================================================================
Received Prepare
Registering precompiled user dll's ...
Registered in 0.000713 seconds.
Begin MonoManager ReloadAssembly
Native extension for WindowsStandalone target not found
Refreshing native plugins compatible for Editor in 0.20 ms, found 0 plugins.
Preloading 0 native plugins for Editor in 0.00 ms.
Invoked RoslynAnalysisRunner static constructor.
RoslynAnalysisRunner will not be running.
RoslynAnalysisRunner has terminated.
Mono: successfully reloaded assembly
- Completed reload, in  0.684 seconds
Platform modules already initialized, skipping
Refreshing native plugins compatible for Editor in 0.20 ms, found 0 plugins.
Preloading 0 native plugins for Editor in 0.00 ms.
Unloading 1092 Unused Serialized files (Serialized files now loaded: 0)
System memory in use before: 80.4 MB.
System memory in use after: 80.5 MB.

Unloading 4 unused Assets to reduce memory usage. Loaded Objects now: 1600.
Total: 1.699600 ms (FindLiveObjects: 0.228900 ms CreateObjectMapping: 0.060200 ms MarkObjects: 1.396100 ms  DeleteObjects: 0.012400 ms)

========================================================================
Received Import Request.
  Time since last request: 823.374504 seconds.
  path: Assets/1版素材/特效/黑白闪光特效/New Animation.anim
  artifactKey: Guid(18e1b5fe3f0c0d64988c351a338701c9) Importer(815301076,1909f56bfc062723c751e8b465ee728b)
Start importing Assets/1版素材/特效/黑白闪光特效/New Animation.anim using Guid(18e1b5fe3f0c0d64988c351a338701c9) Importer(815301076,1909f56bfc062723c751e8b465ee728b)  -> (artifact id: 'f21df28b05d0ee9640c4db646519d23e') in 0.011568 seconds
  Import took 0.014137 seconds .

========================================================================
Received Import Request.
  Time since last request: 0.003833 seconds.
  path: Assets/1版素材/特效/黑白闪光特效/New Animation.anim
  artifactKey: Guid(18e1b5fe3f0c0d64988c351a338701c9) Importer(815301076,1909f56bfc062723c751e8b465ee728b)
Start importing Assets/1版素材/特效/黑白闪光特效/New Animation.anim using Guid(18e1b5fe3f0c0d64988c351a338701c9) Importer(815301076,1909f56bfc062723c751e8b465ee728b)  -> (artifact id: 'f21df28b05d0ee9640c4db646519d23e') in 0.002961 seconds
  Import took 0.005035 seconds .

========================================================================
Received Prepare
Registering precompiled user dll's ...
Registered in 0.000771 seconds.
Begin MonoManager ReloadAssembly
Native extension for WindowsStandalone target not found
Refreshing native plugins compatible for Editor in 0.20 ms, found 0 plugins.
Preloading 0 native plugins for Editor in 0.00 ms.
Invoked RoslynAnalysisRunner static constructor.
RoslynAnalysisRunner will not be running.
RoslynAnalysisRunner has terminated.
Mono: successfully reloaded assembly
- Completed reload, in  0.714 seconds
Platform modules already initialized, skipping
Refreshing native plugins compatible for Editor in 0.24 ms, found 0 plugins.
Preloading 0 native plugins for Editor in 0.00 ms.
Unloading 1092 Unused Serialized files (Serialized files now loaded: 0)
System memory in use before: 80.5 MB.
System memory in use after: 80.6 MB.

Unloading 4 unused Assets to reduce memory usage. Loaded Objects now: 1602.
Total: 1.540600 ms (FindLiveObjects: 0.126500 ms CreateObjectMapping: 0.032500 ms MarkObjects: 1.369500 ms  DeleteObjects: 0.011400 ms)

========================================================================
Received Import Request.
  Time since last request: 769.355793 seconds.
  path: Assets/1版素材/特效/黑白闪光特效/1.controller
  artifactKey: Guid(0f606a55f9687374c898cb632c897a02) Importer(815301076,1909f56bfc062723c751e8b465ee728b)
Start importing Assets/1版素材/特效/黑白闪光特效/1.controller using Guid(0f606a55f9687374c898cb632c897a02) Importer(815301076,1909f56bfc062723c751e8b465ee728b)  -> (artifact id: 'e18c22bb458b94ba2018b3ac32423691') in 0.018157 seconds
  Import took 0.020560 seconds .

========================================================================
Received Prepare
Registering precompiled user dll's ...
Registered in 0.001306 seconds.
Begin MonoManager ReloadAssembly
Native extension for WindowsStandalone target not found
Refreshing native plugins compatible for Editor in 0.20 ms, found 0 plugins.
Preloading 0 native plugins for Editor in 0.00 ms.
Invoked RoslynAnalysisRunner static constructor.
RoslynAnalysisRunner will not be running.
RoslynAnalysisRunner has terminated.
Mono: successfully reloaded assembly
- Completed reload, in  0.707 seconds
Platform modules already initialized, skipping
Refreshing native plugins compatible for Editor in 0.20 ms, found 0 plugins.
Preloading 0 native plugins for Editor in 0.00 ms.
Unloading 1092 Unused Serialized files (Serialized files now loaded: 0)
System memory in use before: 79.9 MB.
System memory in use after: 80.0 MB.

Unloading 4 unused Assets to reduce memory usage. Loaded Objects now: 1604.
Total: 1.662100 ms (FindLiveObjects: 0.145800 ms CreateObjectMapping: 0.033800 ms MarkObjects: 1.468200 ms  DeleteObjects: 0.013400 ms)

========================================================================
Received Import Request.
  Time since last request: 271.651956 seconds.
  path: Assets/Script/effects_animation.cs
  artifactKey: Guid(dc74cb946b872ae45818ade263a10b00) Importer(815301076,1909f56bfc062723c751e8b465ee728b)
Start importing Assets/Script/effects_animation.cs using Guid(dc74cb946b872ae45818ade263a10b00) Importer(815301076,1909f56bfc062723c751e8b465ee728b)  -> (artifact id: '6d0c0181aca82b8b04f03abce297287a') in 0.275823 seconds
  Import took 0.277573 seconds .

========================================================================
Received Prepare
Registering precompiled user dll's ...
Registered in 0.000607 seconds.
Begin MonoManager ReloadAssembly
Native extension for WindowsStandalone target not found
Refreshing native plugins compatible for Editor in 0.23 ms, found 0 plugins.
Preloading 0 native plugins for Editor in 0.00 ms.
Invoked RoslynAnalysisRunner static constructor.
RoslynAnalysisRunner will not be running.
RoslynAnalysisRunner has terminated.
Mono: successfully reloaded assembly
- Completed reload, in  0.720 seconds
Platform modules already initialized, skipping
Refreshing native plugins compatible for Editor in 0.20 ms, found 0 plugins.
Preloading 0 native plugins for Editor in 0.00 ms.
Unloading 1093 Unused Serialized files (Serialized files now loaded: 0)
System memory in use before: 80.2 MB.
System memory in use after: 80.3 MB.

Unloading 4 unused Assets to reduce memory usage. Loaded Objects now: 1607.
Total: 1.613300 ms (FindLiveObjects: 0.131900 ms CreateObjectMapping: 0.035900 ms MarkObjects: 1.432300 ms  DeleteObjects: 0.012200 ms)

========================================================================
Received Import Request.
  Time since last request: 58.464458 seconds.
  path: Assets/Script/effects_animation.cs
  artifactKey: Guid(dc74cb946b872ae45818ade263a10b00) Importer(815301076,1909f56bfc062723c751e8b465ee728b)
Start importing Assets/Script/effects_animation.cs using Guid(dc74cb946b872ae45818ade263a10b00) Importer(815301076,1909f56bfc062723c751e8b465ee728b)  -> (artifact id: 'cfff7f79af858f1052d757c5ddf8349d') in 0.005400 seconds
  Import took 0.007292 seconds .

========================================================================
Received Prepare
Registering precompiled user dll's ...
Registered in 0.001111 seconds.
Begin MonoManager ReloadAssembly
Native extension for WindowsStandalone target not found
Refreshing native plugins compatible for Editor in 0.20 ms, found 0 plugins.
Preloading 0 native plugins for Editor in 0.00 ms.
Invoked RoslynAnalysisRunner static constructor.
RoslynAnalysisRunner will not be running.
RoslynAnalysisRunner has terminated.
Mono: successfully reloaded assembly
- Completed reload, in  0.745 seconds
Platform modules already initialized, skipping
Refreshing native plugins compatible for Editor in 0.20 ms, found 0 plugins.
Preloading 0 native plugins for Editor in 0.00 ms.
Unloading 1093 Unused Serialized files (Serialized files now loaded: 0)
System memory in use before: 80.4 MB.
System memory in use after: 80.5 MB.

Unloading 4 unused Assets to reduce memory usage. Loaded Objects now: 1609.
Total: 1.611400 ms (FindLiveObjects: 0.209400 ms CreateObjectMapping: 0.068100 ms MarkObjects: 1.320900 ms  DeleteObjects: 0.011700 ms)

========================================================================
Received Import Request.
  Time since last request: 19.628306 seconds.
  path: Assets/prefabs/黑白闪光特效.prefab
  artifactKey: Guid(8d86346876bf07e42be210dfc5aae5a0) Importer(815301076,1909f56bfc062723c751e8b465ee728b)
Start importing Assets/prefabs/黑白闪光特效.prefab using Guid(8d86346876bf07e42be210dfc5aae5a0) Importer(815301076,1909f56bfc062723c751e8b465ee728b) The Animator Controller (黑白闪光特效) you have used is not valid. Animations will not play
UnityEngine.StackTraceUtility:ExtractStackTrace ()
UnityEditor.EditorUtility:Internal_InstantiateRemoveAllNonAnimationComponentsSingle (UnityEngine.Object,UnityEngine.Vector3,UnityEngine.Quaternion)
UnityEditor.EditorUtility:InstantiateRemoveAllNonAnimationComponents (UnityEngine.Object,UnityEngine.Vector3,UnityEngine.Quaternion)
UnityEditor.EditorUtility:InstantiateForAnimatorPreview (UnityEngine.Object)
UnityEditor.GameObjectInspector/PreviewData:UpdateGameObject (UnityEngine.Object)
UnityEditor.GameObjectInspector/PreviewData:.ctor (UnityEngine.Object)
UnityEditor.GameObjectInspector:GetPreviewData ()
UnityEditor.GameObjectInspector:RenderStaticPreview (string,UnityEngine.Object[],int,int)
UnityEditor.AssetPreviewUpdater:CreatePreviewForAsset (UnityEngine.Object,UnityEngine.Object[],string)

[E:\unity\Modules/Animation/Director/AnimatorControllerPlayable.cpp line 332]

The Animator Controller (黑白闪光特效) you have used is not valid. Animations will not play
UnityEngine.StackTraceUtility:ExtractStackTrace ()
UnityEditor.EditorUtility:InitInstantiatedPreviewRecursive (UnityEngine.GameObject)
UnityEditor.EditorUtility:InstantiateForAnimatorPreview (UnityEngine.Object)
UnityEditor.GameObjectInspector/PreviewData:UpdateGameObject (UnityEngine.Object)
UnityEditor.GameObjectInspector/PreviewData:.ctor (UnityEngine.Object)
UnityEditor.GameObjectInspector:GetPreviewData ()
UnityEditor.GameObjectInspector:RenderStaticPreview (string,UnityEngine.Object[],int,int)
UnityEditor.AssetPreviewUpdater:CreatePreviewForAsset (UnityEngine.Object,UnityEngine.Object[],string)

[E:\unity\Modules/Animation/Director/AnimatorControllerPlayable.cpp line 332]

 -> (artifact id: '9538eaf42fc1f0ddaba8357130d5b35a') in 0.092513 seconds
  Import took 0.094285 seconds .

========================================================================
Received Import Request.
  Time since last request: 18.185336 seconds.
  path: Assets/Script/Enemy.cs
  artifactKey: Guid(6f602a2430e751746b53023cf164220f) Importer(815301076,1909f56bfc062723c751e8b465ee728b)
Start importing Assets/Script/Enemy.cs using Guid(6f602a2430e751746b53023cf164220f) Importer(815301076,1909f56bfc062723c751e8b465ee728b)  -> (artifact id: '8feaf3d00edcc944146ef5b63fec4c9a') in 0.006304 seconds
  Import took 0.007975 seconds .

========================================================================
Received Prepare
Registering precompiled user dll's ...
Registered in 0.000839 seconds.
Begin MonoManager ReloadAssembly
Native extension for WindowsStandalone target not found
Refreshing native plugins compatible for Editor in 0.20 ms, found 0 plugins.
Preloading 0 native plugins for Editor in 0.00 ms.
Invoked RoslynAnalysisRunner static constructor.
RoslynAnalysisRunner will not be running.
RoslynAnalysisRunner has terminated.
Mono: successfully reloaded assembly
- Completed reload, in  0.723 seconds
Platform modules already initialized, skipping
Refreshing native plugins compatible for Editor in 0.20 ms, found 0 plugins.
Preloading 0 native plugins for Editor in 0.00 ms.
Unloading 1093 Unused Serialized files (Serialized files now loaded: 0)
System memory in use before: 80.7 MB.
System memory in use after: 80.8 MB.

Unloading 4 unused Assets to reduce memory usage. Loaded Objects now: 1615.
Total: 1.517200 ms (FindLiveObjects: 0.118900 ms CreateObjectMapping: 0.032200 ms MarkObjects: 1.352700 ms  DeleteObjects: 0.012300 ms)

========================================================================
Received Import Request.
  Time since last request: 56.440692 seconds.
  path: Assets/Script/Enemy.cs
  artifactKey: Guid(6f602a2430e751746b53023cf164220f) Importer(815301076,1909f56bfc062723c751e8b465ee728b)
Start importing Assets/Script/Enemy.cs using Guid(6f602a2430e751746b53023cf164220f) Importer(815301076,1909f56bfc062723c751e8b465ee728b)  -> (artifact id: '8b088eecf7fb879700fcc2ceb46d69f7') in 0.004537 seconds
  Import took 0.006663 seconds .

========================================================================
Received Prepare
Registering precompiled user dll's ...
Registered in 0.000709 seconds.
Begin MonoManager ReloadAssembly
Native extension for WindowsStandalone target not found
Refreshing native plugins compatible for Editor in 0.21 ms, found 0 plugins.
Preloading 0 native plugins for Editor in 0.00 ms.
Invoked RoslynAnalysisRunner static constructor.
RoslynAnalysisRunner will not be running.
RoslynAnalysisRunner has terminated.
Mono: successfully reloaded assembly
- Completed reload, in  0.764 seconds
Platform modules already initialized, skipping
Refreshing native plugins compatible for Editor in 0.20 ms, found 0 plugins.
Preloading 0 native plugins for Editor in 0.00 ms.
Unloading 1093 Unused Serialized files (Serialized files now loaded: 0)
System memory in use before: 80.1 MB.
System memory in use after: 80.2 MB.

Unloading 4 unused Assets to reduce memory usage. Loaded Objects now: 1617.
Total: 2.002800 ms (FindLiveObjects: 0.207300 ms CreateObjectMapping: 0.066500 ms MarkObjects: 1.712300 ms  DeleteObjects: 0.015300 ms)

========================================================================
Received Prepare
Registering precompiled user dll's ...
Registered in 0.000651 seconds.
Begin MonoManager ReloadAssembly
Native extension for WindowsStandalone target not found
Refreshing native plugins compatible for Editor in 0.20 ms, found 0 plugins.
Preloading 0 native plugins for Editor in 0.00 ms.
Invoked RoslynAnalysisRunner static constructor.
RoslynAnalysisRunner will not be running.
RoslynAnalysisRunner has terminated.
Mono: successfully reloaded assembly
- Completed reload, in  0.668 seconds
Platform modules already initialized, skipping
Refreshing native plugins compatible for Editor in 0.20 ms, found 0 plugins.
Preloading 0 native plugins for Editor in 0.00 ms.
Unloading 1093 Unused Serialized files (Serialized files now loaded: 0)
System memory in use before: 80.3 MB.
System memory in use after: 80.4 MB.

Unloading 4 unused Assets to reduce memory usage. Loaded Objects now: 1619.
Total: 1.553200 ms (FindLiveObjects: 0.127200 ms CreateObjectMapping: 0.035400 ms MarkObjects: 1.377600 ms  DeleteObjects: 0.012000 ms)

========================================================================
Received Import Request.
  Time since last request: 111.695760 seconds.
  path: Assets/animation/player
  artifactKey: Guid(cbd29c05090925a4bb08c6e65e333d69) Importer(815301076,1909f56bfc062723c751e8b465ee728b)
Start importing Assets/animation/player using Guid(cbd29c05090925a4bb08c6e65e333d69) Importer(815301076,1909f56bfc062723c751e8b465ee728b)  -> (artifact id: 'aeea443e049f559f1da9ca8661020ad1') in 0.066225 seconds
  Import took 0.069029 seconds .

========================================================================
Received Import Request.
  Time since last request: 1.241398 seconds.
  path: Assets/animation/attack down.anim
  artifactKey: Guid(b56a1eaa528cc5f4e9217eaf3c1a9e93) Importer(815301076,1909f56bfc062723c751e8b465ee728b)
Start importing Assets/animation/attack down.anim using Guid(b56a1eaa528cc5f4e9217eaf3c1a9e93) Importer(815301076,1909f56bfc062723c751e8b465ee728b)  -> (artifact id: '4e7d41191de63390cd7fb9a36bbf967c') in 0.013635 seconds
  Import took 0.015491 seconds .

========================================================================
Received Import Request.
  Time since last request: 10.442143 seconds.
  path: Assets/animation/camera
  artifactKey: Guid(588df610f0fc1494d8152ff76096bb59) Importer(815301076,1909f56bfc062723c751e8b465ee728b)
Start importing Assets/animation/camera using Guid(588df610f0fc1494d8152ff76096bb59) Importer(815301076,1909f56bfc062723c751e8b465ee728b)  -> (artifact id: 'fb02767f7bf5ce133bce289f25c36aed') in 0.008550 seconds
  Import took 0.011297 seconds .

========================================================================
Received Import Request.
  Time since last request: 25.140922 seconds.
  path: Assets/animation/camera/shake.anim
  artifactKey: Guid(c026be6d7123af243b452df324a7f8c9) Importer(815301076,1909f56bfc062723c751e8b465ee728b)
Start importing Assets/animation/camera/shake.anim using Guid(c026be6d7123af243b452df324a7f8c9) Importer(815301076,1909f56bfc062723c751e8b465ee728b)  -> (artifact id: 'c9ce392df5d209a51b3b810dff5cdcb7') in 0.009838 seconds
  Import took 0.012057 seconds .

========================================================================
Received Import Request.
  Time since last request: 2.612081 seconds.
  path: Assets/animation/camera/Main Camera.controller
  artifactKey: Guid(f848c413abcd6dd49b3ed76e8f6397cb) Importer(815301076,1909f56bfc062723c751e8b465ee728b)
Start importing Assets/animation/camera/Main Camera.controller using Guid(f848c413abcd6dd49b3ed76e8f6397cb) Importer(815301076,1909f56bfc062723c751e8b465ee728b)  -> (artifact id: 'dec19e27040675578b592f5cd58d2434') in 0.008173 seconds
  Import took 0.010514 seconds .

========================================================================
Received Import Request.
  Time since last request: 0.001026 seconds.
  path: Assets/animation/camera/Main Camera.controller
  artifactKey: Guid(f848c413abcd6dd49b3ed76e8f6397cb) Importer(815301076,1909f56bfc062723c751e8b465ee728b)
Start importing Assets/animation/camera/Main Camera.controller using Guid(f848c413abcd6dd49b3ed76e8f6397cb) Importer(815301076,1909f56bfc062723c751e8b465ee728b)  -> (artifact id: 'dec19e27040675578b592f5cd58d2434') in 0.003273 seconds
  Import took 0.006008 seconds .

========================================================================
Received Prepare
Registering precompiled user dll's ...
Registered in 0.001007 seconds.
Begin MonoManager ReloadAssembly
Native extension for WindowsStandalone target not found
Refreshing native plugins compatible for Editor in 0.20 ms, found 0 plugins.
Preloading 0 native plugins for Editor in 0.00 ms.
Invoked RoslynAnalysisRunner static constructor.
RoslynAnalysisRunner will not be running.
RoslynAnalysisRunner has terminated.
Mono: successfully reloaded assembly
- Completed reload, in  0.830 seconds
Platform modules already initialized, skipping
Refreshing native plugins compatible for Editor in 0.22 ms, found 0 plugins.
Preloading 0 native plugins for Editor in 0.00 ms.
Unloading 1093 Unused Serialized files (Serialized files now loaded: 0)
System memory in use before: 80.6 MB.
System memory in use after: 80.7 MB.

Unloading 4 unused Assets to reduce memory usage. Loaded Objects now: 1621.
Total: 2.111100 ms (FindLiveObjects: 0.287700 ms CreateObjectMapping: 0.084400 ms MarkObjects: 1.721400 ms  DeleteObjects: 0.016200 ms)

========================================================================
Received Prepare
Registering precompiled user dll's ...
Registered in 0.000567 seconds.
Begin MonoManager ReloadAssembly
Native extension for WindowsStandalone target not found
Refreshing native plugins compatible for Editor in 0.20 ms, found 0 plugins.
Preloading 0 native plugins for Editor in 0.00 ms.
Invoked RoslynAnalysisRunner static constructor.
RoslynAnalysisRunner will not be running.
RoslynAnalysisRunner has terminated.
Mono: successfully reloaded assembly
- Completed reload, in  0.668 seconds
Platform modules already initialized, skipping
Refreshing native plugins compatible for Editor in 0.24 ms, found 0 plugins.
Preloading 0 native plugins for Editor in 0.00 ms.
Unloading 1093 Unused Serialized files (Serialized files now loaded: 0)
System memory in use before: 80.7 MB.
System memory in use after: 80.8 MB.

Unloading 4 unused Assets to reduce memory usage. Loaded Objects now: 1623.
Total: 1.699400 ms (FindLiveObjects: 0.128800 ms CreateObjectMapping: 0.028200 ms MarkObjects: 1.529800 ms  DeleteObjects: 0.011500 ms)

========================================================================
Received Import Request.
  Time since last request: 606.783039 seconds.
  path: Assets/animation/camera/Main Camera.controller
  artifactKey: Guid(f848c413abcd6dd49b3ed76e8f6397cb) Importer(815301076,1909f56bfc062723c751e8b465ee728b)
Start importing Assets/animation/camera/Main Camera.controller using Guid(f848c413abcd6dd49b3ed76e8f6397cb) Importer(815301076,1909f56bfc062723c751e8b465ee728b)  -> (artifact id: '3ac540daa59a46a10786b0957a94be77') in 0.020964 seconds
  Import took 0.023901 seconds .

========================================================================
Received Prepare
Registering precompiled user dll's ...
Registered in 0.000592 seconds.
Begin MonoManager ReloadAssembly
Native extension for WindowsStandalone target not found
Refreshing native plugins compatible for Editor in 0.20 ms, found 0 plugins.
Preloading 0 native plugins for Editor in 0.00 ms.
Invoked RoslynAnalysisRunner static constructor.
RoslynAnalysisRunner will not be running.
RoslynAnalysisRunner has terminated.
Mono: successfully reloaded assembly
- Completed reload, in  0.815 seconds
Platform modules already initialized, skipping
Refreshing native plugins compatible for Editor in 0.21 ms, found 0 plugins.
Preloading 0 native plugins for Editor in 0.00 ms.
Unloading 1093 Unused Serialized files (Serialized files now loaded: 0)
System memory in use before: 80.1 MB.
System memory in use after: 80.2 MB.

Unloading 4 unused Assets to reduce memory usage. Loaded Objects now: 1625.
Total: 1.571800 ms (FindLiveObjects: 0.132600 ms CreateObjectMapping: 0.040000 ms MarkObjects: 1.384600 ms  DeleteObjects: 0.013200 ms)

========================================================================
Received Import Request.
  Time since last request: 72.212544 seconds.
  path: Assets/animation/camera/shake.anim
  artifactKey: Guid(c026be6d7123af243b452df324a7f8c9) Importer(815301076,1909f56bfc062723c751e8b465ee728b)
Start importing Assets/animation/camera/shake.anim using Guid(c026be6d7123af243b452df324a7f8c9) Importer(815301076,1909f56bfc062723c751e8b465ee728b)  -> (artifact id: 'cef082442b23aed5f0e88b0baefc83b7') in 0.011903 seconds
  Import took 0.014197 seconds .

========================================================================
Received Prepare
Registering precompiled user dll's ...
Registered in 0.000625 seconds.
Begin MonoManager ReloadAssembly
Native extension for WindowsStandalone target not found
Refreshing native plugins compatible for Editor in 0.21 ms, found 0 plugins.
Preloading 0 native plugins for Editor in 0.00 ms.
Invoked RoslynAnalysisRunner static constructor.
RoslynAnalysisRunner will not be running.
RoslynAnalysisRunner has terminated.
Mono: successfully reloaded assembly
- Completed reload, in  0.732 seconds
Platform modules already initialized, skipping
Refreshing native plugins compatible for Editor in 0.22 ms, found 0 plugins.
Preloading 0 native plugins for Editor in 0.00 ms.
Unloading 1093 Unused Serialized files (Serialized files now loaded: 0)
System memory in use before: 80.3 MB.
System memory in use after: 80.4 MB.

Unloading 4 unused Assets to reduce memory usage. Loaded Objects now: 1627.
Total: 1.705700 ms (FindLiveObjects: 0.133400 ms CreateObjectMapping: 0.033100 ms MarkObjects: 1.525800 ms  DeleteObjects: 0.012700 ms)

========================================================================
Received Prepare
Registering precompiled user dll's ...
Registered in 0.000611 seconds.
Begin MonoManager ReloadAssembly
Native extension for WindowsStandalone target not found
Refreshing native plugins compatible for Editor in 0.20 ms, found 0 plugins.
Preloading 0 native plugins for Editor in 0.00 ms.
Invoked RoslynAnalysisRunner static constructor.
RoslynAnalysisRunner will not be running.
RoslynAnalysisRunner has terminated.
Mono: successfully reloaded assembly
- Completed reload, in  0.664 seconds
Platform modules already initialized, skipping
Refreshing native plugins compatible for Editor in 0.20 ms, found 0 plugins.
Preloading 0 native plugins for Editor in 0.00 ms.
Unloading 1093 Unused Serialized files (Serialized files now loaded: 0)
System memory in use before: 80.6 MB.
System memory in use after: 80.7 MB.

Unloading 4 unused Assets to reduce memory usage. Loaded Objects now: 1629.
Total: 2.585700 ms (FindLiveObjects: 0.251600 ms CreateObjectMapping: 0.076700 ms MarkObjects: 2.237900 ms  DeleteObjects: 0.018100 ms)

========================================================================
Received Prepare
Registering precompiled user dll's ...
Registered in 0.000889 seconds.
Begin MonoManager ReloadAssembly
Native extension for WindowsStandalone target not found
Refreshing native plugins compatible for Editor in 0.20 ms, found 0 plugins.
Preloading 0 native plugins for Editor in 0.00 ms.
Invoked RoslynAnalysisRunner static constructor.
RoslynAnalysisRunner will not be running.
RoslynAnalysisRunner has terminated.
Mono: successfully reloaded assembly
- Completed reload, in  0.683 seconds
Platform modules already initialized, skipping
Refreshing native plugins compatible for Editor in 0.20 ms, found 0 plugins.
Preloading 0 native plugins for Editor in 0.00 ms.
Unloading 1093 Unused Serialized files (Serialized files now loaded: 0)
System memory in use before: 80.8 MB.
System memory in use after: 80.9 MB.

Unloading 4 unused Assets to reduce memory usage. Loaded Objects now: 1631.
Total: 1.747600 ms (FindLiveObjects: 0.184200 ms CreateObjectMapping: 0.055100 ms MarkObjects: 1.491600 ms  DeleteObjects: 0.015500 ms)

========================================================================
Received Prepare
Registering precompiled user dll's ...
Registered in 0.000620 seconds.
Begin MonoManager ReloadAssembly
Native extension for WindowsStandalone target not found
Refreshing native plugins compatible for Editor in 0.22 ms, found 0 plugins.
Preloading 0 native plugins for Editor in 0.00 ms.
Invoked RoslynAnalysisRunner static constructor.
RoslynAnalysisRunner will not be running.
RoslynAnalysisRunner has terminated.
Mono: successfully reloaded assembly
- Completed reload, in  0.676 seconds
Platform modules already initialized, skipping
Refreshing native plugins compatible for Editor in 0.20 ms, found 0 plugins.
Preloading 0 native plugins for Editor in 0.00 ms.
Unloading 1093 Unused Serialized files (Serialized files now loaded: 0)
System memory in use before: 80.1 MB.
System memory in use after: 80.2 MB.

Unloading 4 unused Assets to reduce memory usage. Loaded Objects now: 1633.
Total: 2.237400 ms (FindLiveObjects: 0.133000 ms CreateObjectMapping: 0.038600 ms MarkObjects: 2.047100 ms  DeleteObjects: 0.017500 ms)

========================================================================
Received Prepare
Registering precompiled user dll's ...
Registered in 0.000603 seconds.
Begin MonoManager ReloadAssembly
Native extension for WindowsStandalone target not found
Refreshing native plugins compatible for Editor in 0.20 ms, found 0 plugins.
Preloading 0 native plugins for Editor in 0.00 ms.
Invoked RoslynAnalysisRunner static constructor.
RoslynAnalysisRunner will not be running.
RoslynAnalysisRunner has terminated.
Mono: successfully reloaded assembly
- Completed reload, in  0.702 seconds
Platform modules already initialized, skipping
Refreshing native plugins compatible for Editor in 0.21 ms, found 0 plugins.
Preloading 0 native plugins for Editor in 0.00 ms.
Unloading 1093 Unused Serialized files (Serialized files now loaded: 0)
System memory in use before: 80.3 MB.
System memory in use after: 80.4 MB.

Unloading 4 unused Assets to reduce memory usage. Loaded Objects now: 1635.
Total: 1.770500 ms (FindLiveObjects: 0.234300 ms CreateObjectMapping: 0.045200 ms MarkObjects: 1.475100 ms  DeleteObjects: 0.014100 ms)

========================================================================
Received Prepare
Registering precompiled user dll's ...
Registered in 0.000713 seconds.
Begin MonoManager ReloadAssembly
Native extension for WindowsStandalone target not found
Refreshing native plugins compatible for Editor in 0.20 ms, found 0 plugins.
Preloading 0 native plugins for Editor in 0.00 ms.
Invoked RoslynAnalysisRunner static constructor.
RoslynAnalysisRunner will not be running.
RoslynAnalysisRunner has terminated.
Mono: successfully reloaded assembly
- Completed reload, in  0.670 seconds
Platform modules already initialized, skipping
Refreshing native plugins compatible for Editor in 0.20 ms, found 0 plugins.
Preloading 0 native plugins for Editor in 0.00 ms.
Unloading 1093 Unused Serialized files (Serialized files now loaded: 0)
System memory in use before: 80.6 MB.
System memory in use after: 80.7 MB.

Unloading 4 unused Assets to reduce memory usage. Loaded Objects now: 1637.
Total: 1.424800 ms (FindLiveObjects: 0.122000 ms CreateObjectMapping: 0.031300 ms MarkObjects: 1.259700 ms  DeleteObjects: 0.011200 ms)

========================================================================
Received Prepare
Registering precompiled user dll's ...
Registered in 0.000665 seconds.
Begin MonoManager ReloadAssembly
Native extension for WindowsStandalone target not found
Refreshing native plugins compatible for Editor in 0.20 ms, found 0 plugins.
Preloading 0 native plugins for Editor in 0.00 ms.
Invoked RoslynAnalysisRunner static constructor.
RoslynAnalysisRunner will not be running.
RoslynAnalysisRunner has terminated.
Mono: successfully reloaded assembly
- Completed reload, in  0.719 seconds
Platform modules already initialized, skipping
Refreshing native plugins compatible for Editor in 0.20 ms, found 0 plugins.
Preloading 0 native plugins for Editor in 0.00 ms.
Unloading 1093 Unused Serialized files (Serialized files now loaded: 0)
System memory in use before: 80.8 MB.
System memory in use after: 80.9 MB.

Unloading 4 unused Assets to reduce memory usage. Loaded Objects now: 1639.
Total: 1.945800 ms (FindLiveObjects: 0.236900 ms CreateObjectMapping: 0.042200 ms MarkObjects: 1.653400 ms  DeleteObjects: 0.012200 ms)

========================================================================
Received Prepare
Registering precompiled user dll's ...
Registered in 0.000615 seconds.
Begin MonoManager ReloadAssembly
Native extension for WindowsStandalone target not found
Refreshing native plugins compatible for Editor in 0.31 ms, found 0 plugins.
Preloading 0 native plugins for Editor in 0.00 ms.
Invoked RoslynAnalysisRunner static constructor.
RoslynAnalysisRunner will not be running.
RoslynAnalysisRunner has terminated.
Mono: successfully reloaded assembly
- Completed reload, in  0.700 seconds
Platform modules already initialized, skipping
Refreshing native plugins compatible for Editor in 0.23 ms, found 0 plugins.
Preloading 0 native plugins for Editor in 0.00 ms.
Unloading 1093 Unused Serialized files (Serialized files now loaded: 0)
System memory in use before: 80.0 MB.
System memory in use after: 80.1 MB.

Unloading 4 unused Assets to reduce memory usage. Loaded Objects now: 1641.
Total: 1.518200 ms (FindLiveObjects: 0.118300 ms CreateObjectMapping: 0.030900 ms MarkObjects: 1.355200 ms  DeleteObjects: 0.013100 ms)

========================================================================
Received Prepare
Registering precompiled user dll's ...
Registered in 0.000748 seconds.
Begin MonoManager ReloadAssembly
Native extension for WindowsStandalone target not found
Refreshing native plugins compatible for Editor in 0.36 ms, found 0 plugins.
Preloading 0 native plugins for Editor in 0.00 ms.
Invoked RoslynAnalysisRunner static constructor.
RoslynAnalysisRunner will not be running.
RoslynAnalysisRunner has terminated.
Mono: successfully reloaded assembly
- Completed reload, in  0.767 seconds
Platform modules already initialized, skipping
Refreshing native plugins compatible for Editor in 0.20 ms, found 0 plugins.
Preloading 0 native plugins for Editor in 0.00 ms.
Unloading 1093 Unused Serialized files (Serialized files now loaded: 0)
System memory in use before: 80.3 MB.
System memory in use after: 80.4 MB.

Unloading 4 unused Assets to reduce memory usage. Loaded Objects now: 1643.
Total: 1.685600 ms (FindLiveObjects: 0.150800 ms CreateObjectMapping: 0.041700 ms MarkObjects: 1.480100 ms  DeleteObjects: 0.012100 ms)

========================================================================
Received Prepare
Registering precompiled user dll's ...
Registered in 0.000660 seconds.
Begin MonoManager ReloadAssembly
Native extension for WindowsStandalone target not found
Refreshing native plugins compatible for Editor in 0.20 ms, found 0 plugins.
Preloading 0 native plugins for Editor in 0.00 ms.
Invoked RoslynAnalysisRunner static constructor.
RoslynAnalysisRunner will not be running.
RoslynAnalysisRunner has terminated.
Mono: successfully reloaded assembly
- Completed reload, in  0.691 seconds
Platform modules already initialized, skipping
Refreshing native plugins compatible for Editor in 0.34 ms, found 0 plugins.
Preloading 0 native plugins for Editor in 0.00 ms.
Unloading 1093 Unused Serialized files (Serialized files now loaded: 0)
System memory in use before: 80.5 MB.
System memory in use after: 80.6 MB.

Unloading 4 unused Assets to reduce memory usage. Loaded Objects now: 1645.
Total: 2.419900 ms (FindLiveObjects: 0.149300 ms CreateObjectMapping: 0.033100 ms MarkObjects: 2.218300 ms  DeleteObjects: 0.017600 ms)

========================================================================
Received Prepare
Registering precompiled user dll's ...
Registered in 0.000616 seconds.
Begin MonoManager ReloadAssembly
Native extension for WindowsStandalone target not found
Refreshing native plugins compatible for Editor in 0.20 ms, found 0 plugins.
Preloading 0 native plugins for Editor in 0.00 ms.
Invoked RoslynAnalysisRunner static constructor.
RoslynAnalysisRunner will not be running.
RoslynAnalysisRunner has terminated.
Mono: successfully reloaded assembly
- Completed reload, in  0.692 seconds
Platform modules already initialized, skipping
Refreshing native plugins compatible for Editor in 0.31 ms, found 0 plugins.
Preloading 0 native plugins for Editor in 0.00 ms.
Unloading 1093 Unused Serialized files (Serialized files now loaded: 0)
System memory in use before: 80.8 MB.
System memory in use after: 80.9 MB.

Unloading 4 unused Assets to reduce memory usage. Loaded Objects now: 1647.
Total: 1.783500 ms (FindLiveObjects: 0.223300 ms CreateObjectMapping: 0.108200 ms MarkObjects: 1.437200 ms  DeleteObjects: 0.013800 ms)

========================================================================
Received Prepare
Registering precompiled user dll's ...
Registered in 0.000624 seconds.
Begin MonoManager ReloadAssembly
Native extension for WindowsStandalone target not found
Refreshing native plugins compatible for Editor in 0.21 ms, found 0 plugins.
Preloading 0 native plugins for Editor in 0.00 ms.
Invoked RoslynAnalysisRunner static constructor.
RoslynAnalysisRunner will not be running.
RoslynAnalysisRunner has terminated.
Mono: successfully reloaded assembly
- Completed reload, in  0.677 seconds
Platform modules already initialized, skipping
Refreshing native plugins compatible for Editor in 0.31 ms, found 0 plugins.
Preloading 0 native plugins for Editor in 0.00 ms.
Unloading 1093 Unused Serialized files (Serialized files now loaded: 0)
System memory in use before: 81.0 MB.
System memory in use after: 81.1 MB.

Unloading 4 unused Assets to reduce memory usage. Loaded Objects now: 1649.
Total: 1.937300 ms (FindLiveObjects: 0.205800 ms CreateObjectMapping: 0.057100 ms MarkObjects: 1.658100 ms  DeleteObjects: 0.015000 ms)

========================================================================
Received Import Request.
  Time since last request: 785.252835 seconds.
  path: Assets/animation/camera/shake.anim
  artifactKey: Guid(c026be6d7123af243b452df324a7f8c9) Importer(815301076,1909f56bfc062723c751e8b465ee728b)
Start importing Assets/animation/camera/shake.anim using Guid(c026be6d7123af243b452df324a7f8c9) Importer(815301076,1909f56bfc062723c751e8b465ee728b)  -> (artifact id: '86d2685d60209ab99dc70c522974fe09') in 0.011558 seconds
  Import took 0.013472 seconds .

========================================================================
Received Prepare
Registering precompiled user dll's ...
Registered in 0.000641 seconds.
Begin MonoManager ReloadAssembly
Native extension for WindowsStandalone target not found
Refreshing native plugins compatible for Editor in 0.23 ms, found 0 plugins.
Preloading 0 native plugins for Editor in 0.00 ms.
Invoked RoslynAnalysisRunner static constructor.
RoslynAnalysisRunner will not be running.
RoslynAnalysisRunner has terminated.
Mono: successfully reloaded assembly
- Completed reload, in  0.665 seconds
Platform modules already initialized, skipping
Refreshing native plugins compatible for Editor in 0.20 ms, found 0 plugins.
Preloading 0 native plugins for Editor in 0.00 ms.
Unloading 1093 Unused Serialized files (Serialized files now loaded: 0)
System memory in use before: 80.3 MB.
System memory in use after: 80.4 MB.

Unloading 4 unused Assets to reduce memory usage. Loaded Objects now: 1651.
Total: 2.052600 ms (FindLiveObjects: 0.169800 ms CreateObjectMapping: 0.035300 ms MarkObjects: 1.818600 ms  DeleteObjects: 0.028000 ms)

========================================================================
Received Prepare
Registering precompiled user dll's ...
Registered in 0.000705 seconds.
Begin MonoManager ReloadAssembly
Native extension for WindowsStandalone target not found
Refreshing native plugins compatible for Editor in 0.20 ms, found 0 plugins.
Preloading 0 native plugins for Editor in 0.00 ms.
Invoked RoslynAnalysisRunner static constructor.
RoslynAnalysisRunner will not be running.
RoslynAnalysisRunner has terminated.
Mono: successfully reloaded assembly
- Completed reload, in  0.666 seconds
Platform modules already initialized, skipping
Refreshing native plugins compatible for Editor in 0.20 ms, found 0 plugins.
Preloading 0 native plugins for Editor in 0.00 ms.
Unloading 1093 Unused Serialized files (Serialized files now loaded: 0)
System memory in use before: 80.5 MB.
System memory in use after: 80.6 MB.

Unloading 4 unused Assets to reduce memory usage. Loaded Objects now: 1653.
Total: 1.780100 ms (FindLiveObjects: 0.133700 ms CreateObjectMapping: 0.036900 ms MarkObjects: 1.595400 ms  DeleteObjects: 0.012800 ms)

AssetImportWorkerClient::OnTransportError - code=2 error=End of file
